<?xml version="1.0" encoding="UTF-8"?>
<testsuites name="Mocha Tests" time="0.189" tests="13" failures="0">
  <testsuite name="Root Suite" timestamp="2019-02-28T09:11:35" tests="0" failures="0" time="0">
  </testsuite>
  <testsuite name="Empty Database GET and POST route on book" timestamp="2019-02-28T09:11:35" tests="2" file="C:\Users\yann9\source\repos\NodeTestExo\src\test\book.js" failures="0" time="0.067">
    <testcase name="Empty Database GET and POST route on book GET route expect code 200, expect return a 0 lenght array" time="0.026" classname="GET route expect code 200, expect return a 0 lenght array">
    </testcase>
    <testcase name="Empty Database GET and POST route on book Post route expect code 200, and showing in message key on body &quot;book successfully added&quot;" time="0.041" classname="Post route expect code 200, and showing in message key on body &quot;book successfully added&quot;">
    </testcase>
  </testsuite>
  <testsuite name="Mocked database" timestamp="2019-02-28T09:11:35" tests="3" file="C:\Users\yann9\source\repos\NodeTestExo\src\test\book.js" failures="0" time="0.026000000000000002">
    <testcase name="Mocked database Put route expect code 200, and showing in message key on body &quot;book successfully updated&quot;" time="0.008" classname="Put route expect code 200, and showing in message key on body &quot;book successfully updated&quot;">
    </testcase>
    <testcase name="Mocked database Delete route expect code 200, and showing in message key on body &quot;book successfully deleted&quot;" time="0.01" classname="Delete route expect code 200, and showing in message key on body &quot;book successfully deleted&quot;">
    </testcase>
    <testcase name="Mocked database get route expect code 200, and showing in message key on body &quot;book fetched&quot; ..." time="0.008" classname="get route expect code 200, and showing in message key on body &quot;book fetched&quot; ...">
    </testcase>
  </testsuite>
  <testsuite name="Simulate answer" timestamp="2019-02-28T09:11:35" tests="4" file="C:\Users\yann9\source\repos\NodeTestExo\src\test\book.js" failures="0" time="0.008">
    <testcase name="Simulate answer get route expect code 200, and books object is an array" time="0.005" classname="get route expect code 200, and books object is an array">
    </testcase>
    <testcase name="Simulate answer post route expect code 200, and message is &quot; book successfully added&quot; " time="0.001" classname="post route expect code 200, and message is &quot; book successfully added&quot; ">
    </testcase>
    <testcase name="Simulate answer post route expect code 200, and message is &quot; book successfully added&quot; " time="0.001" classname="post route expect code 200, and message is &quot; book successfully added&quot; ">
    </testcase>
    <testcase name="Simulate answer  delete route expect code 200 and send an message&quot;book successfully deleted&quot;" time="0.001" classname=" delete route expect code 200 and send an message&quot;book successfully deleted&quot;">
    </testcase>
  </testsuite>
  <testsuite name="Simulate bad answer" timestamp="2019-02-28T09:11:35" tests="4" file="C:\Users\yann9\source\repos\NodeTestExo\src\test\book.js" failures="0" time="0.088">
    <testcase name="Simulate bad answer route get books expect 400 and send an message &quot;error fetching book&quot;" time="0.022" classname="route get books expect 400 and send an message &quot;error fetching book&quot;">
    </testcase>
    <testcase name="Simulate bad answer post route expect http code 400 and send an message &quot;error adding the book&quot;" time="0.018" classname="post route expect http code 400 and send an message &quot;error adding the book&quot;">
    </testcase>
    <testcase name="Simulate bad answer put route expect status 400 and send an message&quot;error updating the book&quot;" time="0.029" classname="put route expect status 400 and send an message&quot;error updating the book&quot;">
    </testcase>
    <testcase name="Simulate bad answer delete route expect status 400 and send an message&quot;error deleting the book&quot;" time="0.019" classname="delete route expect status 400 and send an message&quot;error deleting the book&quot;">
    </testcase>
  </testsuite>
</testsuites>